<?xml version="1.0" encoding="UTF-8"?>
<!-- Generated by org.testng.reporters.JUnitReportReporter -->
<testsuite hostname="LAPTOP-4I1PL9LR" failures="0" tests="1" name="pack1.TestNGEx1" time="0.006" errors="0" timestamp="2022-11-05T23:34:43 IST" skipped="0">
  <testcase classname="pack1.TestNGEx1" name="tc1" time="0.006"/>
  <system-out/>
</testsuite> <!-- pack1.TestNGEx1 -->
