<?xml version="1.0" encoding="UTF-8"?>
<!-- Generated by org.testng.reporters.JUnitReportReporter -->
<testsuite hostname="LAPTOP-4I1PL9LR" failures="0" tests="2" name="pack1.NewTest" time="0.011" errors="0" timestamp="2022-10-24T15:42:30 IST" skipped="0">
  <testcase classname="pack1.NewTest" name="testCase2" time="0.006"/>
  <system-out/>
  <testcase classname="pack1.NewTest" name="testCase1" time="0.005"/>
  <system-out/>
</testsuite> <!-- pack1.NewTest -->
